  Graph2.cpp
c:\users\glados\source\repos\complexnetworksfall2018\complexnetworks\graph2.cpp(36): warning C4267: 'argument': conversion from 'size_t' to 'const _Ty', possible loss of data
          with
          [
              _Ty=int
          ]
c:\users\glados\source\repos\complexnetworksfall2018\complexnetworks\graph2.cpp(50): warning C4267: 'argument': conversion from 'size_t' to 'const _Ty', possible loss of data
          with
          [
              _Ty=int
          ]
c:\users\glados\source\repos\complexnetworksfall2018\complexnetworks\graph2.cpp(71): warning C4267: 'initializing': conversion from 'size_t' to 'int', possible loss of data
c:\users\glados\source\repos\complexnetworksfall2018\complexnetworks\graph2.cpp(87): warning C4267: 'initializing': conversion from 'size_t' to 'int', possible loss of data
c:\users\glados\source\repos\complexnetworksfall2018\complexnetworks\graph2.cpp(186): warning C4267: 'initializing': conversion from 'size_t' to 'int', possible loss of data
c:\users\glados\source\repos\complexnetworksfall2018\complexnetworks\graph2.cpp(247): warning C4267: 'initializing': conversion from 'size_t' to 'int', possible loss of data
c:\users\glados\source\repos\complexnetworksfall2018\complexnetworks\graph2.cpp(304): warning C4267: 'initializing': conversion from 'size_t' to 'int', possible loss of data
c:\users\glados\source\repos\complexnetworksfall2018\complexnetworks\graph2.cpp(309): warning C4267: 'argument': conversion from 'size_t' to 'int', possible loss of data
  Source.cpp
c:\users\glados\source\repos\complexnetworksfall2018\complexnetworks\source.cpp(155): warning C4244: 'initializing': conversion from '_Rep' to 'unsigned long', possible loss of data
          with
          [
              _Rep=__int64
          ]
c:\users\glados\source\repos\complexnetworksfall2018\complexnetworks\source.cpp(173): warning C4244: 'initializing': conversion from '_Rep' to 'unsigned long', possible loss of data
          with
          [
              _Rep=__int64
          ]
c:\users\glados\source\repos\complexnetworksfall2018\complexnetworks\source.cpp(186): warning C4267: 'argument': conversion from 'size_t' to 'int', possible loss of data
c:\users\glados\source\repos\complexnetworksfall2018\complexnetworks\source.cpp(191): warning C4244: 'initializing': conversion from '_Rep' to 'unsigned long', possible loss of data
          with
          [
              _Rep=__int64
          ]
c:\users\glados\source\repos\complexnetworksfall2018\complexnetworks\source.cpp(210): warning C4244: 'initializing': conversion from '_Rep' to 'unsigned long', possible loss of data
          with
          [
              _Rep=__int64
          ]
  Generating Code...
Graph2.obj : error LNK2019: unresolved external symbol "void __cdecl adaptive_betweenness_centrality::load_graph_from_Graph(class std::basic_string<char,struct std::char_traits<char>,class std::allocator<char> > const &,class std::vector<class std::vector<int,class std::allocator<int> >,class std::allocator<class std::vector<int,class std::allocator<int> > > > &)" (?load_graph_from_Graph@adaptive_betweenness_centrality@@YAXAEBV?$basic_string@DU?$char_traits@D@std@@V?$allocator@D@2@@std@@AEAV?$vector@V?$vector@HV?$allocator@H@std@@@std@@V?$allocator@V?$vector@HV?$allocator@H@std@@@std@@@2@@3@@Z) referenced in function "public: __cdecl Graph2::Graph2(class std::basic_string<char,struct std::char_traits<char>,class std::allocator<char> >)" (??0Graph2@@QEAA@V?$basic_string@DU?$char_traits@D@std@@V?$allocator@D@2@@std@@@Z)
Graph2.obj : error LNK2019: unresolved external symbol "public: __cdecl Dijkstra::Dijkstra(class Graph2 &,int)" (??0Dijkstra@@QEAA@AEAVGraph2@@H@Z) referenced in function "public: double __cdecl Graph2::getDiameter(void)" (?getDiameter@Graph2@@QEAANXZ)
Source.obj : error LNK2019: unresolved external symbol "public: __cdecl GraphOrig::GraphOrig(class std::basic_string<char,struct std::char_traits<char>,class std::allocator<char> >)" (??0GraphOrig@@QEAA@V?$basic_string@DU?$char_traits@D@std@@V?$allocator@D@2@@std@@@Z) referenced in function "void __cdecl runGSIZE(int,int,bool,int,class std::basic_string<char,struct std::char_traits<char>,class std::allocator<char> >)" (?runGSIZE@@YAXHH_NHV?$basic_string@DU?$char_traits@D@std@@V?$allocator@D@2@@std@@@Z)
Source.obj : error LNK2019: unresolved external symbol "public: __cdecl Clust::Clust(class GraphOrig &,int,int,bool,int)" (??0Clust@@QEAA@AEAVGraphOrig@@HH_NH@Z) referenced in function "void __cdecl runGSIZE(int,int,bool,int,class std::basic_string<char,struct std::char_traits<char>,class std::allocator<char> >)" (?runGSIZE@@YAXHH_NHV?$basic_string@DU?$char_traits@D@std@@V?$allocator@D@2@@std@@@Z)
Source.obj : error LNK2019: unresolved external symbol "public: __cdecl Clust::Clust(class GraphOrig &,int,int,bool)" (??0Clust@@QEAA@AEAVGraphOrig@@HH_N@Z) referenced in function "void __cdecl runNET(int,int,class std::basic_string<char,struct std::char_traits<char>,class std::allocator<char> >)" (?runNET@@YAXHHV?$basic_string@DU?$char_traits@D@std@@V?$allocator@D@2@@std@@@Z)
Source.obj : error LNK2019: unresolved external symbol "public: void __cdecl Clust::GetPartition(class std::basic_string<char,struct std::char_traits<char>,class std::allocator<char> >)" (?GetPartition@Clust@@QEAAXV?$basic_string@DU?$char_traits@D@std@@V?$allocator@D@2@@std@@@Z) referenced in function "void __cdecl runGSIZE(int,int,bool,int,class std::basic_string<char,struct std::char_traits<char>,class std::allocator<char> >)" (?runGSIZE@@YAXHH_NHV?$basic_string@DU?$char_traits@D@std@@V?$allocator@D@2@@std@@@Z)
Source.obj : error LNK2019: unresolved external symbol "public: void __cdecl Clust::SaveINTPartition(class std::basic_string<char,struct std::char_traits<char>,class std::allocator<char> >)" (?SaveINTPartition@Clust@@QEAAXV?$basic_string@DU?$char_traits@D@std@@V?$allocator@D@2@@std@@@Z) referenced in function "void __cdecl runGSIZE(int,int,bool,int,class std::basic_string<char,struct std::char_traits<char>,class std::allocator<char> >)" (?runGSIZE@@YAXHH_NHV?$basic_string@DU?$char_traits@D@std@@V?$allocator@D@2@@std@@@Z)
Source.obj : error LNK2019: unresolved external symbol "public: __cdecl Immunization::Immunization(class Graph2 const &,int,int,double)" (??0Immunization@@QEAA@AEBVGraph2@@HHN@Z) referenced in function "void __cdecl runABC(int,double,class std::basic_string<char,struct std::char_traits<char>,class std::allocator<char> >)" (?runABC@@YAXHNV?$basic_string@DU?$char_traits@D@std@@V?$allocator@D@2@@std@@@Z)
Source.obj : error LNK2019: unresolved external symbol "public: void __cdecl Immunization::OutputReport(class std::basic_string<char,struct std::char_traits<char>,class std::allocator<char> >)" (?OutputReport@Immunization@@QEAAXV?$basic_string@DU?$char_traits@D@std@@V?$allocator@D@2@@std@@@Z) referenced in function "void __cdecl runABC(int,double,class std::basic_string<char,struct std::char_traits<char>,class std::allocator<char> >)" (?runABC@@YAXHNV?$basic_string@DU?$char_traits@D@std@@V?$allocator@D@2@@std@@@Z)
C:\Users\GLaDOS\Source\Repos\ComplexNetworksFall2018\x64\Debug\ComplexNetworks.exe : fatal error LNK1120: 9 unresolved externals
